<?xml version="1.0" encoding="UTF-8"?>
<!-- Generated by org.testng.reporters.JUnitReportReporter -->
<testsuite skipped="0" hostname="DESKTOP-NR3C8QD" name="APITest.Demo3" tests="1" failures="0" timestamp="2021-11-28T19:39:19 IST" time="0.010" errors="0">
  <testcase name="testcase1" time="0.010" classname="APITest.Demo3"/>
  <system-out/>
</testsuite> <!-- APITest.Demo3 -->
