<?xml version="1.0" encoding="UTF-8"?>
<!-- Generated by org.testng.reporters.JUnitReportReporter -->
<testsuite skipped="1" hostname="DESKTOP-NR3C8QD" name="APITest.E_commerce" tests="4" failures="0" timestamp="2021-11-30T14:21:13 IST" time="12.266" errors="0">
  <testcase name="login" time="7.896" classname="APITest.E_commerce"/>
  <system-out/>
  <testcase name="getusers" time="2.910" classname="APITest.E_commerce"/>
  <system-out/>
  <testcase name="delete" time="1.460" classname="APITest.E_commerce"/>
  <system-out/>
  <testcase name="signup" classname="APITest.E_commerce">
    <skipped/>
  </testcase> <!-- signup -->
  <system-out/>
</testsuite> <!-- APITest.E_commerce -->
