<?xml version="1.0" encoding="UTF-8"?>
<!-- Generated by org.testng.reporters.JUnitReportReporter -->
<testsuite skipped="0" hostname="DESKTOP-NR3C8QD" name="APITest.Demo_TestNG" tests="1" failures="0" timestamp="2021-11-28T18:20:59 IST" time="0.010" errors="0">
  <testcase name="TST" time="0.010" classname="APITest.Demo_TestNG"/>
  <system-out/>
</testsuite> <!-- APITest.Demo_TestNG -->
