<?xml version="1.0" encoding="UTF-8"?>
<!-- Generated by org.testng.reporters.JUnitReportReporter -->
<testsuite skipped="1" hostname="DESKTOP-NR3C8QD" name="Restassured.E_commerce" tests="4" failures="0" timestamp="2021-12-01T11:47:44 IST" time="8.857" errors="0">
  <testcase name="login" time="4.043" classname="Restassured.E_commerce"/>
  <system-out/>
  <testcase name="getusers" time="3.074" classname="Restassured.E_commerce"/>
  <system-out/>
  <testcase name="delete" time="1.740" classname="Restassured.E_commerce"/>
  <system-out/>
  <testcase name="signup" classname="Restassured.E_commerce">
    <skipped/>
  </testcase> <!-- signup -->
  <system-out/>
</testsuite> <!-- Restassured.E_commerce -->
