<?xml version="1.0" encoding="UTF-8"?>
<!-- Generated by org.testng.reporters.JUnitReportReporter -->
<testsuite skipped="0" hostname="DESKTOP-NR3C8QD" name="Restassured.Trello_Testing" tests="3" failures="0" timestamp="2021-12-01T11:47:44 IST" time="5.736" errors="0">
  <testcase name="createBoard" time="3.851" classname="Restassured.Trello_Testing"/>
  <system-out/>
  <testcase name="getBoard" time="0.906" classname="Restassured.Trello_Testing"/>
  <system-out/>
  <testcase name="deleteBoard" time="0.979" classname="Restassured.Trello_Testing"/>
  <system-out/>
</testsuite> <!-- Restassured.Trello_Testing -->
