<?xml version="1.0" encoding="UTF-8"?>
<!-- Generated by org.testng.reporters.JUnitReportReporter -->
<testsuite hostname="DESKTOP-NR3C8QD" name="Restassured.E_commerce" tests="3" failures="0" timestamp="1 Dec 2021 06:42:14 GMT" time="9.920" errors="0">
  <testcase name="login" time="4.998" classname="Restassured.E_commerce"/>
  <testcase name="delete" time="1.798" classname="Restassured.E_commerce"/>
  <testcase name="getusers" time="3.124" classname="Restassured.E_commerce"/>
</testsuite> <!-- Restassured.E_commerce -->
