<?xml version="1.0" encoding="UTF-8"?>
<!-- Generated by org.testng.reporters.JUnitReportReporter -->
<testsuite hostname="DESKTOP-NR3C8QD" name="APITest.Demo_TestNG" tests="1" failures="0" timestamp="28 Nov 2021 15:35:28 GMT" time="0.006" errors="0">
  <testcase name="TST" time="0.006" classname="APITest.Demo_TestNG"/>
</testsuite> <!-- APITest.Demo_TestNG -->
