<?xml version="1.0" encoding="UTF-8"?>
<!-- Generated by org.testng.reporters.JUnitReportReporter -->
<testsuite hostname="DESKTOP-NR3C8QD" name="Restassured.Trello_Testing" tests="3" failures="0" timestamp="1 Dec 2021 06:42:14 GMT" time="5.376" errors="0">
  <testcase name="getBoard" time="0.897" classname="Restassured.Trello_Testing"/>
  <testcase name="deleteBoard" time="1.091" classname="Restassured.Trello_Testing"/>
  <testcase name="createBoard" time="3.388" classname="Restassured.Trello_Testing"/>
</testsuite> <!-- Restassured.Trello_Testing -->
