<?xml version="1.0" encoding="UTF-8"?>
<!-- Generated by org.testng.reporters.JUnitReportReporter -->
<testsuite hostname="DESKTOP-NR3C8QD" name="APITest.Demo3" tests="1" failures="0" timestamp="28 Nov 2021 15:35:28 GMT" time="0.000" errors="0">
  <testcase name="testcase1" time="0.000" classname="APITest.Demo3"/>
</testsuite> <!-- APITest.Demo3 -->
